2025-12-02 16:02:40,510 - __main__ - INFO - TravelokaScraperWithSelenium initialized
2025-12-02 16:02:40,510 - WDM - INFO - ====== WebDriver manager ======
2025-12-02 16:02:41,740 - WDM - INFO - Get LATEST chromedriver version for google-chrome
2025-12-02 16:02:42,219 - WDM - INFO - Get LATEST chromedriver version for google-chrome
2025-12-02 16:02:42,676 - WDM - INFO - Driver [C:\Users\slovn\.wdm\drivers\chromedriver\win64\142.0.7444.175\chromedriver-win32/chromedriver.exe] found in cache
2025-12-02 16:02:43,837 - __main__ - INFO - Chrome browser opened successfully
2025-12-02 16:02:43,837 - __main__ - INFO - Starting scrape for hotel: novotel hua hin cha-am beach resort & spa
2025-12-02 16:02:43,838 - __main__ - INFO - Opening hotel detail page in Chrome...
2025-12-02 16:02:43,838 - __main__ - INFO - Please solve the reCAPTCHA when it appears in the browser window
2025-12-02 16:02:43,838 - __main__ - INFO - Do NOT close the browser - I'll wait for you to finish
2025-12-02 16:02:43,838 - __main__ - INFO - URL: https://www.traveloka.com/en-th/hotel/detail?spec=20-02-2025.21-02-2025.1.1.HOTEL.9000001153383.novotel%20hua%20hin%20cha-am%20beach%20resort%20%26%20spa.2
2025-12-02 16:02:46,174 - __main__ - INFO - Waiting 20 seconds for reCAPTCHA to be solved...
2025-12-02 16:03:06,175 - __main__ - INFO - Page load complete. Proceeding to extract cookies...
2025-12-02 16:03:06,175 - __main__ - INFO - Extracting cookies immediately to avoid browser instability...
2025-12-02 16:03:06,175 - __main__ - INFO - Attempting to extract cookies using Selenium's get_cookies()...
2025-12-02 16:03:06,182 - urllib3.connectionpool - WARNING - Retrying (Retry(total=2, connect=None, read=None, redirect=None, status=None)) after connection broken by 'ConnectionResetError(10054, 'An existing connection was forcibly closed by the remote host', None, 10054, None)': /session/0f3f9e8a4ecb65da344bc7e4c00068bd/cookie
2025-12-02 16:03:10,257 - urllib3.connectionpool - WARNING - Retrying (Retry(total=1, connect=None, read=None, redirect=None, status=None)) after connection broken by 'NewConnectionError('<urllib3.connection.HTTPConnection object at 0x0000015D75E907D0>: Failed to establish a new connection: [WinError 10061] No connection could be made because the target machine actively refused it')': /session/0f3f9e8a4ecb65da344bc7e4c00068bd/cookie
2025-12-02 16:03:14,328 - urllib3.connectionpool - WARNING - Retrying (Retry(total=0, connect=None, read=None, redirect=None, status=None)) after connection broken by 'NewConnectionError('<urllib3.connection.HTTPConnection object at 0x0000015D75E90620>: Failed to establish a new connection: [WinError 10061] No connection could be made because the target machine actively refused it')': /session/0f3f9e8a4ecb65da344bc7e4c00068bd/cookie
2025-12-02 16:03:18,377 - __main__ - WARNING - Selenium get_cookies() failed: HTTPConnectionPool(host='localhost', port=53613): Max retries exceeded with url: /session/0f3f9e8a4ecb65da344bc7e4c00068bd/cookie (Caused by NewConnectionError('<urllib3.connection.HTTPConnection object at 0x0000015D75E907A0>: Failed to establish a new connection: [WinError 10061] No connection could be made because the target machine actively refused it'))
2025-12-02 16:03:18,377 - __main__ - INFO - Trying JavaScript method to extract cookies...
2025-12-02 16:03:22,426 - urllib3.connectionpool - WARNING - Retrying (Retry(total=2, connect=None, read=None, redirect=None, status=None)) after connection broken by 'NewConnectionError('<urllib3.connection.HTTPConnection object at 0x0000015D75E90AD0>: Failed to establish a new connection: [WinError 10061] No connection could be made because the target machine actively refused it')': /session/0f3f9e8a4ecb65da344bc7e4c00068bd/execute/sync
2025-12-02 16:03:26,489 - urllib3.connectionpool - WARNING - Retrying (Retry(total=1, connect=None, read=None, redirect=None, status=None)) after connection broken by 'NewConnectionError('<urllib3.connection.HTTPConnection object at 0x0000015D75E90D10>: Failed to establish a new connection: [WinError 10061] No connection could be made because the target machine actively refused it')': /session/0f3f9e8a4ecb65da344bc7e4c00068bd/execute/sync
2025-12-02 16:03:30,549 - urllib3.connectionpool - WARNING - Retrying (Retry(total=0, connect=None, read=None, redirect=None, status=None)) after connection broken by 'NewConnectionError('<urllib3.connection.HTTPConnection object at 0x0000015D75E90F50>: Failed to establish a new connection: [WinError 10061] No connection could be made because the target machine actively refused it')': /session/0f3f9e8a4ecb65da344bc7e4c00068bd/execute/sync
2025-12-02 16:03:34,640 - __main__ - ERROR - JavaScript method also failed: HTTPConnectionPool(host='localhost', port=53613): Max retries exceeded with url: /session/0f3f9e8a4ecb65da344bc7e4c00068bd/execute/sync (Caused by NewConnectionError('<urllib3.connection.HTTPConnection object at 0x0000015D75E91190>: Failed to establish a new connection: [WinError 10061] No connection could be made because the target machine actively refused it'))
2025-12-02 16:03:34,640 - __main__ - ERROR - No cookies extracted from browser
2025-12-02 16:03:34,641 - __main__ - INFO - Results saved to traveloka_rates.json
2025-12-02 16:03:34,641 - __main__ - INFO - Browser will close in 10 seconds...
2025-12-02 16:03:48,697 - urllib3.connectionpool - WARNING - Retrying (Retry(total=2, connect=None, read=None, redirect=None, status=None)) after connection broken by 'NewConnectionError('<urllib3.connection.HTTPConnection object at 0x0000015D75E91B20>: Failed to establish a new connection: [WinError 10061] No connection could be made because the target machine actively refused it')': /session/0f3f9e8a4ecb65da344bc7e4c00068bd
2025-12-02 16:03:52,753 - urllib3.connectionpool - WARNING - Retrying (Retry(total=1, connect=None, read=None, redirect=None, status=None)) after connection broken by 'NewConnectionError('<urllib3.connection.HTTPConnection object at 0x0000015D75E91D00>: Failed to establish a new connection: [WinError 10061] No connection could be made because the target machine actively refused it')': /session/0f3f9e8a4ecb65da344bc7e4c00068bd
2025-12-02 16:03:56,803 - urllib3.connectionpool - WARNING - Retrying (Retry(total=0, connect=None, read=None, redirect=None, status=None)) after connection broken by 'NewConnectionError('<urllib3.connection.HTTPConnection object at 0x0000015D75E91EB0>: Failed to establish a new connection: [WinError 10061] No connection could be made because the target machine actively refused it')': /session/0f3f9e8a4ecb65da344bc7e4c00068bd
2025-12-02 16:04:00,871 - __main__ - INFO - Browser closed
2025-12-02 16:04:00,871 - __main__ - INFO - Session closed

============================================================
SCRAPE RESULTS
============================================================
Hotel: N/A
Check-in: ?-?-?
Check-out: ?-?-?
Total Rates Found: 0
============================================================

